pygame 2.1.2 (SDL 2.0.18, Python 3.9.13)
Hello from the pygame community. https://www.pygame.org/contribute.html
[1m[34m[Status] Root Directory:[0m [36m/Users/calebjonesshibu/Desktop/tom/pilot/exp_2022_10_28_10/[0m
[1m[34m
[Status] Sub Directory:[0m [32m/Users/calebjonesshibu/Desktop/tom/pilot/exp_2022_10_28_10/baseline_tasks/affective[0m ✓
[35m
	 File:[0m individual_00057_1666981222.csv
[35m	 Task started at:[0m Fri Oct 28 11:20:22 2022
[35m	 Task ended at:[0m Fri Oct 28 11:23:34 2022
[35m	 Time taken:[0m 191 Seconds
[35m
	 File:[0m individual_00056_1666981222.csv
[35m	 Task started at:[0m Fri Oct 28 11:20:22 2022
[35m	 Task ended at:[0m Fri Oct 28 11:23:00 2022
[35m	 Time taken:[0m 157 Seconds
[35m
	 File:[0m team_1666981491.csv
[35m	 Task started at:[0m Fri Oct 28 11:24:51 2022
[35m	 Task ended at:[0m Fri Oct 28 11:35:41 2022
[35m	 Time taken:[0m 649 Seconds
[35m
	 File:[0m individual_00060_1666981222.csv
[35m	 Task started at:[0m Fri Oct 28 11:20:22 2022
[35m	 Task ended at:[0m Fri Oct 28 11:23:14 2022
[35m	 Time taken:[0m 171 Seconds
[1m[34m
[Status] Sub Directory:[0m [32m/Users/calebjonesshibu/Desktop/tom/pilot/exp_2022_10_28_10/baseline_tasks/finger_tapping[0m ✓
[35m
	 File:[0m 1666981031.csv
[35m	 Task started at:[0m Fri Oct 28 11:17:11 2022
[35m	 Task ended at:[0m Fri Oct 28 11:18:01 2022
[35m	 Time taken:[0m 50 Seconds
[1m[34m
[Status] Sub Directory:[0m [32m/Users/calebjonesshibu/Desktop/tom/pilot/exp_2022_10_28_10/baseline_tasks/ping_pong[0m ✓
[35m
	 File:[0m cooperative_0_1666982387.csv
[35m	 Task started at:[0m Fri Oct 28 11:39:47 2022
[35m	 Task ended at:[0m Fri Oct 28 11:41:57 2022
[35m	 Time taken:[0m 130 Seconds
[35m
	 File:[0m competitive_1_1666982202.csv
[35m	 Task started at:[0m Fri Oct 28 11:36:42 2022
[35m	 Task ended at:[0m Fri Oct 28 11:38:52 2022
[35m	 Time taken:[0m 130 Seconds
[35m
	 File:[0m competitive_0_1666982202.csv
[35m	 Task started at:[0m Fri Oct 28 11:36:42 2022
[35m	 Task ended at:[0m Fri Oct 28 11:38:52 2022
[35m	 Time taken:[0m 130 Seconds
[1m[34m
[Status] Sub Directory:[0m [32m/Users/calebjonesshibu/Desktop/tom/pilot/exp_2022_10_28_10/baseline_tasks/rest_state[0m ✓
[35m
	 File:[0m 1666980652.csv
[35m	 Task started at:[0m Fri Oct 28 11:10:52 2022
[35m	 Task ended at:[0m Fri Oct 28 11:15:54 2022
[35m	 Time taken:[0m 301 Seconds
[1m[34m
[Status] Metadata File:[0m [32m/Users/calebjonesshibu/Desktop/tom/pilot/exp_2022_10_28_10/minecraft/MinecraftData_Trial-T0001_ID-689f7979-dc35-42d0-a00d-86d331c5c91c.metadata[0m ✓
[1m[34m
[Status] Subject info:[0m
[35m	 Subect ID[0m 0 : 00056
[35m	 Subect ID[0m 1 :  00057
[35m	 Subect ID[0m 2 :  00060
[1m[34m
[Status] Mission name:[0m Hands-on Training
[1m[34m
[Status] Mission started at time:[0m 2022-10-28 18:58:45.868
[1m[34m
[Status] Mission ended at time:[0m 2022-10-28 19:18:49.871
[1m[34m
[Status] Trial lasted for: [0m 20 Minutes 4 Seconds
[1m[34m
[Status] Metadata File:[0m [32m/Users/calebjonesshibu/Desktop/tom/pilot/exp_2022_10_28_10/minecraft/MinecraftData_Trial-T0003_ID-75c89b95-3f62-429e-94da-034254343667.metadata[0m ✓
[1m[34m
[Status] Subject info:[0m
[35m	 Subect ID[0m 0 : 00056
[35m	 Subect ID[0m 1 :  00057
[35m	 Subect ID[0m 2 :  00060
[1m[34m
[Status] Mission name:[0m Saturn_B
[1m[34m
[Status] Mission started at time:[0m 2022-10-28 19:41:45.261
[1m[34m
[Status] Mission ended at time:[0m 2022-10-28 19:58:49.260
[1m[34m
[Status] Trial lasted for: [0m 17 Minutes 3 Seconds
[1m[34m
[Status] Metadata File:[0m [32m/Users/calebjonesshibu/Desktop/tom/pilot/exp_2022_10_28_10/minecraft/MinecraftData_Trial-T0002_ID-7b881b3b-8f27-404c-8b4c-5a9c9ebb70f2.metadata[0m ✓
[1m[34m
[Status] Subject info:[0m
[35m	 Subect ID[0m 0 : 00056
[35m	 Subect ID[0m 1 :  00057
[35m	 Subect ID[0m 2 :  00060
[1m[34m
[Status] Mission name:[0m Saturn_A
[1m[34m
[Status] Mission started at time:[0m 2022-10-28 19:22:22.196
[1m[34m
[Status] Mission ended at time:[0m 2022-10-28 19:39:26.197
[1m[34m
[Status] Trial lasted for: [0m 17 Minutes 4 Seconds
[1m[34m
 [Status] xdf file found at [0m [36m/Users/calebjonesshibu/Desktop/tom/pilot/exp_2022_10_28_10/leopard/eeg_fnirs_pupil/leopard_eeg_fnirs_pupil.xdf[0m
[1m[34m
 [Status] xdf file found at [0m [36m/Users/calebjonesshibu/Desktop/tom/pilot/exp_2022_10_28_10/tiger/eeg_fnirs_pupil/tiger_eeg_fnirs_pupil.xdf[0m
[1m[34m
 [Status] xdf file found at [0m [36m/Users/calebjonesshibu/Desktop/tom/pilot/exp_2022_10_28_10/lion/eeg_fnirs_pupil/lion_eeg_fnirs_pupil.xdf[0m
[1m[34m
 [Status] Mp4 file of pupil capture file found at [0m [36m/Users/calebjonesshibu/Desktop/tom/pilot/exp_2022_10_28_10/leopard/pupil_recorder/000/eye1.mp4[0m
[1m[34m
 [Status] Mp4 file of pupil capture file found at [0m [36m/Users/calebjonesshibu/Desktop/tom/pilot/exp_2022_10_28_10/leopard/pupil_recorder/000/eye0.mp4[0m
[1m[34m
 [Status] Mp4 file of pupil capture file found at [0m [36m/Users/calebjonesshibu/Desktop/tom/pilot/exp_2022_10_28_10/leopard/pupil_recorder/000/world.mp4[0m
[1m[34m
 [Status] Mp4 file of pupil capture file found at [0m [36m/Users/calebjonesshibu/Desktop/tom/pilot/exp_2022_10_28_10/tiger/pupil_recorder/000/eye1.mp4[0m
[1m[34m
 [Status] Mp4 file of pupil capture file found at [0m [36m/Users/calebjonesshibu/Desktop/tom/pilot/exp_2022_10_28_10/tiger/pupil_recorder/000/eye0.mp4[0m
[1m[34m
 [Status] Mp4 file of pupil capture file found at [0m [36m/Users/calebjonesshibu/Desktop/tom/pilot/exp_2022_10_28_10/tiger/pupil_recorder/000/world.mp4[0m
[1m[34m
 [Status] Mp4 file of pupil capture file found at [0m [36m/Users/calebjonesshibu/Desktop/tom/pilot/exp_2022_10_28_10/lion/pupil_recorder/000/eye1.mp4[0m
[1m[34m
 [Status] Mp4 file of pupil capture file found at [0m [36m/Users/calebjonesshibu/Desktop/tom/pilot/exp_2022_10_28_10/lion/pupil_recorder/000/eye0.mp4[0m
[1m[34m
 [Status] Mp4 file of pupil capture file found at [0m [36m/Users/calebjonesshibu/Desktop/tom/pilot/exp_2022_10_28_10/lion/pupil_recorder/000/world.mp4[0m
[1m[34m
 [Status] Audio file for[0m [1m[32mlion[0m [1m[34mfound[0m [36mTrial-7b881b3b-8f27-404c-8b4c-5a9c9ebb70f2_Team-10_Member-Player986.wav[0m
[1m[34m
 [Status] Audio file for[0m [1m[32mlion[0m [1m[34mfound[0m [36mTrial-75c89b95-3f62-429e-94da-034254343667_Team-10_Member-Player986.wav[0m
[1m[34m
 [Status] Audio file for[0m [1m[32mlion[0m [1m[34mfound[0m [36mTrial-689f7979-dc35-42d0-a00d-86d331c5c91c_Team-10_Member-Player986.wav[0m
[1m[34m
 [Status] Audio file for[0m [1m[32mtiger[0m [1m[34mfound[0m [36mTrial-75c89b95-3f62-429e-94da-034254343667_Team-10_Member-Player489.wav[0m
[1m[34m
 [Status] Audio file for[0m [1m[32mtiger[0m [1m[34mfound[0m [36mTrial-7b881b3b-8f27-404c-8b4c-5a9c9ebb70f2_Team-10_Member-Player489.wav[0m
[1m[34m
 [Status] Audio file for[0m [1m[32mtiger[0m [1m[34mfound[0m [36mTrial-689f7979-dc35-42d0-a00d-86d331c5c91c_Team-10_Member-Player489.wav[0m
[1m[34m
 [Status] Audio file for[0m [1m[32mleopard[0m [1m[34mfound[0m [36mTrial-7b881b3b-8f27-404c-8b4c-5a9c9ebb70f2_Team-10_Member-Player996.wav[0m
[1m[34m
 [Status] Audio file for[0m [1m[32mleopard[0m [1m[34mfound[0m [36mTrial-75c89b95-3f62-429e-94da-034254343667_Team-10_Member-Player996.wav[0m
[1m[34m
 [Status] Audio file for[0m [1m[32mleopard[0m [1m[34mfound[0m [36mTrial-689f7979-dc35-42d0-a00d-86d331c5c91c_Team-10_Member-Player996.wav[0m
[1m[34m
 [Status] Asist tar file:[0m [36masist_logs_10_2022_10_28_13_10_17.tar.gz[0m
[1m[34m
 [Status] Voclic features found:[0m [36mfeatures.sql[0m
